Gravity-Unity/Library/Bee/Android/Prj/Mono2x/Gradle/unityLibrary/build/intermediates/manifest_merge_blame_file/release/manifest-merger-blame-release-report.txt
1<?xml version="1.0" encoding="utf-8"?>
2<manifest xmlns:android="http://schemas.android.com/apk/res/android"
3    xmlns:tools="http://schemas.android.com/tools"
4    package="com.unity3d.player" >
5
6    <uses-sdk android:minSdkVersion="22" />
6-->src\main\AndroidManifest.xml
7
8    <uses-permission android:name="android.permission.INTERNET" />
8-->src\main\AndroidManifest.xml:3:3-65
8-->src\main\AndroidManifest.xml:3:20-62
9
10    <uses-feature android:glEsVersion="0x00020000" />
10-->src\main\AndroidManifest.xml:4:3-52
10-->src\main\AndroidManifest.xml:4:17-49
11    <uses-feature
11-->src\main\AndroidManifest.xml:5:3-88
12        android:name="android.hardware.touchscreen"
12-->src\main\AndroidManifest.xml:5:17-60
13        android:required="false" />
13-->src\main\AndroidManifest.xml:5:61-85
14    <uses-feature
14-->src\main\AndroidManifest.xml:6:3-99
15        android:name="android.hardware.touchscreen.multitouch"
15-->src\main\AndroidManifest.xml:6:17-71
16        android:required="false" />
16-->src\main\AndroidManifest.xml:6:72-96
17    <uses-feature
17-->src\main\AndroidManifest.xml:7:3-108
18        android:name="android.hardware.touchscreen.multitouch.distinct"
18-->src\main\AndroidManifest.xml:7:17-80
19        android:required="false" />
19-->src\main\AndroidManifest.xml:7:81-105
20
21    <application
21-->src\main\AndroidManifest.xml:8:3-23:17
22        android:extractNativeLibs="true"
22-->src\main\AndroidManifest.xml:8:16-48
23        android:isGame="true" >
23-->src\main\AndroidManifest.xml:8:49-70
24        <meta-data
24-->src\main\AndroidManifest.xml:9:5-69
25            android:name="unity.splash-mode"
25-->src\main\AndroidManifest.xml:9:16-48
26            android:value="0" />
26-->src\main\AndroidManifest.xml:9:49-66
27        <meta-data
27-->src\main\AndroidManifest.xml:10:5-74
28            android:name="unity.splash-enable"
28-->src\main\AndroidManifest.xml:10:16-50
29            android:value="True" />
29-->src\main\AndroidManifest.xml:10:51-71
30        <meta-data
30-->src\main\AndroidManifest.xml:11:5-78
31            android:name="unity.launch-fullscreen"
31-->src\main\AndroidManifest.xml:11:16-54
32            android:value="True" />
32-->src\main\AndroidManifest.xml:11:55-75
33        <meta-data
33-->src\main\AndroidManifest.xml:12:5-85
34            android:name="unity.render-outside-safearea"
34-->src\main\AndroidManifest.xml:12:16-60
35            android:value="False" />
35-->src\main\AndroidManifest.xml:12:61-82
36        <meta-data
36-->src\main\AndroidManifest.xml:13:5-84
37            android:name="unity.auto-report-fully-drawn"
37-->src\main\AndroidManifest.xml:13:16-60
38            android:value="true" />
38-->src\main\AndroidManifest.xml:13:61-81
39
40        <activity
40-->src\main\AndroidManifest.xml:14:5-22:16
41            android:name="com.unity3d.player.UnityPlayerActivity"
41-->src\main\AndroidManifest.xml:14:15-68
42            android:configChanges="mcc|mnc|locale|touchscreen|keyboard|keyboardHidden|navigation|orientation|screenLayout|uiMode|screenSize|smallestScreenSize|fontScale|layoutDirection|density"
42-->src\main\AndroidManifest.xml:14:180-361
43            android:exported="true"
43-->src\main\AndroidManifest.xml:14:433-456
44            android:hardwareAccelerated="false"
44-->src\main\AndroidManifest.xml:14:397-432
45            android:launchMode="singleTask"
45-->src\main\AndroidManifest.xml:14:148-179
46            android:resizeableActivity="false"
46-->src\main\AndroidManifest.xml:14:362-396
47            android:screenOrientation="fullUser"
47-->src\main\AndroidManifest.xml:14:111-147
48            android:theme="@style/UnityThemeSelector" >
48-->src\main\AndroidManifest.xml:14:69-110
49            <intent-filter>
49-->src\main\AndroidManifest.xml:15:7-19:23
50                <category android:name="android.intent.category.LAUNCHER" />
50-->src\main\AndroidManifest.xml:16:9-69
50-->src\main\AndroidManifest.xml:16:19-66
51                <category android:name="android.intent.category.LEANBACK_LAUNCHER" />
51-->src\main\AndroidManifest.xml:17:9-78
51-->src\main\AndroidManifest.xml:17:19-75
52
53                <action android:name="android.intent.action.MAIN" />
53-->src\main\AndroidManifest.xml:18:9-61
53-->src\main\AndroidManifest.xml:18:17-58
54            </intent-filter>
55
56            <meta-data
56-->src\main\AndroidManifest.xml:20:7-82
57                android:name="unityplayer.UnityActivity"
57-->src\main\AndroidManifest.xml:20:18-58
58                android:value="true" />
58-->src\main\AndroidManifest.xml:20:59-79
59
60            <layout
60-->src\main\AndroidManifest.xml:21:7-129
61                android:defaultHeight="1080px"
61-->src\main\AndroidManifest.xml:21:45-75
62                android:defaultWidth="1920px"
62-->src\main\AndroidManifest.xml:21:15-44
63                android:minHeight="300px"
63-->src\main\AndroidManifest.xml:21:101-126
64                android:minWidth="400px" />
64-->src\main\AndroidManifest.xml:21:76-100
65        </activity>
66    </application>
67
68</manifest>